<?xml version="1.0" encoding="UTF-8"?>
<!-- Generated by org.testng.reporters.JUnitReportReporter -->
<testsuite hostname="PAVAN" failures="0" tests="1" name="com.automation.testcases.TC_LoginDDT_002" time="13.948" errors="0" timestamp="2023-03-24T10:35:43 IST" skipped="0">
  <testcase classname="com.automation.testcases.TC_LoginDDT_002" name="loginDDT" time="13.948"/>
  <system-out/>
</testsuite> <!-- com.automation.testcases.TC_LoginDDT_002 -->
