<?xml version="1.0" encoding="UTF-8"?>
<!-- Generated by org.testng.reporters.JUnitReportReporter -->
<testsuite hostname="PAVAN" failures="0" tests="1" name="com.automation.testcases.TC_LoginTest_001" time="2.750" errors="0" timestamp="2023-03-24T10:35:43 IST" skipped="0">
  <testcase classname="com.automation.testcases.TC_LoginTest_001" name="loginTest" time="2.750"/>
  <system-out/>
</testsuite> <!-- com.automation.testcases.TC_LoginTest_001 -->
